Pseudo-terminal will not be allocated because stdin is not a terminal.
Permission denied, please try again.
Welcome to Ubuntu 16.04.6 LTS (GNU/Linux 4.4.0-96-generic x86_64)

 * Documentation:  https://help.ubuntu.com
 * Management:     https://landscape.canonical.com
 * Support:        https://ubuntu.com/advantage

 * Overheard at KubeCon: "microk8s.status just blew my mind".

     https://microk8s.io/docs/commands#microk8s.status
Pseudo-terminal will not be allocated because stdin is not a terminal.
Welcome to Ubuntu 16.04.6 LTS (GNU/Linux 4.4.0-96-generic x86_64)

 * Documentation:  https://help.ubuntu.com
 * Management:     https://landscape.canonical.com
 * Support:        https://ubuntu.com/advantage

 * Overheard at KubeCon: "microk8s.status just blew my mind".

     https://microk8s.io/docs/commands#microk8s.status
Pseudo-terminal will not be allocated because stdin is not a terminal.
Welcome to Ubuntu 16.04.6 LTS (GNU/Linux 4.4.0-96-generic x86_64)

 * Documentation:  https://help.ubuntu.com
 * Management:     https://landscape.canonical.com
 * Support:        https://ubuntu.com/advantage

 * Overheard at KubeCon: "microk8s.status just blew my mind".

     https://microk8s.io/docs/commands#microk8s.status
Pseudo-terminal will not be allocated because stdin is not a terminal.
Welcome to Ubuntu 16.04.6 LTS (GNU/Linux 4.4.0-96-generic x86_64)

 * Documentation:  https://help.ubuntu.com
 * Management:     https://landscape.canonical.com
 * Support:        https://ubuntu.com/advantage

 * Overheard at KubeCon: "microk8s.status just blew my mind".

     https://microk8s.io/docs/commands#microk8s.status
